#
# There is insufficient memory for the Java Runtime Environment to continue.
# Native memory allocation (mmap) failed to map 123731968 bytes for G1 virtual space
# Possible reasons:
#   The system is out of physical RAM or swap space
#   The process is running with CompressedOops enabled, and the Java Heap may be blocking the growth of the native heap
# Possible solutions:
#   Reduce memory load on the system
#   Increase physical memory or swap space
#   Check if swap backing store is full
#   Decrease Java heap size (-Xmx/-Xms)
#   Decrease number of Java threads
#   Decrease Java thread stack sizes (-Xss)
#   Set larger code cache with -XX:ReservedCodeCacheSize=
#   JVM is running with Unscaled Compressed Oops mode in which the Java heap is
#     placed in the first 4GB address space. The Java Heap base address is the
#     maximum limit for the native heap growth. Please use -XX:HeapBaseMinAddress
#     to set the Java Heap base and to place the Java Heap above 4GB virtual address.
# This output file may be truncated or incomplete.
#
#  Out of Memory Error (os_windows.cpp:3535), pid=23584, tid=33572
#
# JRE version:  (17.0.4+11) (build )
# Java VM: Java HotSpot(TM) 64-Bit Server VM (17.0.4+11-LTS-179, mixed mode, sharing, tiered, compressed oops, compressed class ptrs, g1 gc, windows-amd64)
# No core dump will be written. Minidumps are not enabled by default on client versions of Windows
#

---------------  S U M M A R Y ------------

Command Line: -Dfile.encoding=UTF-8 --module-path=C:\Users\mishr\OneDrive\Documents\NetBeansProjects\Quiz Application\build\classes quiz.application.Rules

Host: AMD Ryzen 3 5300U with Radeon Graphics         , 8 cores, 7G,  Windows 11 , 64 bit Build 22000 (10.0.22000.708)
Time: Fri Jul 29 01:40:46 2022 India Standard Time elapsed time: 0.012119 seconds (0d 0h 0m 0s)

---------------  T H R E A D  ---------------

Current thread (0x000001ba4dcccc20):  JavaThread "Unknown thread" [_thread_in_vm, id=33572, stack(0x000000b5d2b00000,0x000000b5d2c00000)]

Stack: [0x000000b5d2b00000,0x000000b5d2c00000]
Native frames: (J=compiled Java code, j=interpreted, Vv=VM code, C=native code)
V  [jvm.dll+0x6723da]
V  [jvm.dll+0x7d1f74]
V  [jvm.dll+0x7d371e]
V  [jvm.dll+0x7d3d83]
V  [jvm.dll+0x242ed5]
V  [jvm.dll+0x66f2f9]
V  [jvm.dll+0x663c42]
V  [jvm.dll+0x30103b]
V  [jvm.dll+0x3085d6]
V  [jvm.dll+0x35844e]
V  [jvm.dll+0x35867f]
V  [jvm.dll+0x2d8258]
V  [jvm.dll+0x2d91c4]
V  [jvm.dll+0x7a3a51]
V  [jvm.dll+0x3662a1]
V  [jvm.dll+0x782dcc]
V  [jvm.dll+0x3e8bff]
V  [jvm.dll+0x3ea6a1]
C  [jli.dll+0x527b]
C  [ucrtbase.dll+0x26c0c]
C  [KERNEL32.DLL+0x154e0]
C  [ntdll.dll+0x485b]


---------------  P R O C E S S  ---------------

Threads class SMR info:
_java_thread_list=0x00007ffcd346a858, length=0, elements={
}

Java Threads: ( => current thread )

Other Threads:
  0x000001ba4dd23790 GCTaskThread "GC Thread#0" [stack: 0x000000b5d2c00000,0x000000b5d2d00000] [id=33068]
  0x000001ba4dd341a0 ConcurrentGCThread "G1 Main Marker" [stack: 0x000000b5d2d00000,0x000000b5d2e00000] [id=32296]
  0x000001ba4dd34bb0 ConcurrentGCThread "G1 Conc#0" [stack: 0x000000b5d2e00000,0x000000b5d2f00000] [id=2632]

[error occurred during error reporting (printing all threads), id 0xc0000005, EXCEPTION_ACCESS_VIOLATION (0xc0000005) at pc=0x00007ffcd2cb8c47]

VM state: not at safepoint (not fully initialized)

VM Mutex/Monitor currently owned by a thread:  ([mutex/lock_event])
[0x000001ba4dcc9900] Heap_lock - owner thread: 0x000001ba4dcccc20

Heap address: 0x000000008aa00000, size: 1878 MB, Compressed Oops mode: 32-bit

CDS archive(s) mapped at: [0x0000000000000000-0x0000000000000000-0x0000000000000000), size 0, SharedBaseAddress: 0x0000000800000000, ArchiveRelocationMode: 0.
Narrow klass base: 0x0000000000000000, Narrow klass shift: 0, Narrow klass range: 0x0

GC Precious Log:
<Empty>

Heap:
 garbage-first heap   total 0K, used 0K [0x000000008aa00000, 0x0000000100000000)
  region size 1024K, 0 young (0K), 0 survivors (0K)

[error occurred during error reporting (printing heap information), id 0xc0000005, EXCEPTION_ACCESS_VIOLATION (0xc0000005) at pc=0x00007ffcd309b889]

GC Heap History (0 events):
No events

Deoptimization events (0 events):
No events

Classes unloaded (0 events):
No events

Classes redefined (0 events):
No events

Internal exceptions (0 events):
No events

VM Operations (0 events):
No events

Events (1 events):
Event: 0.009 Loaded shared library C:\Program Files\Java\jdk-17.0.4\bin\java.dll


Dynamic libraries:
0x00007ff70a3e0000 - 0x00007ff70a3f0000 	C:\Program Files\Java\jdk-17.0.4\bin\java.exe
0x00007ffd58ca0000 - 0x00007ffd58ea9000 	C:\windows\SYSTEM32\ntdll.dll
0x00007ffd57530000 - 0x00007ffd575ed000 	C:\windows\System32\KERNEL32.DLL
0x00007ffd567b0000 - 0x00007ffd56b29000 	C:\windows\System32\KERNELBASE.dll
0x00007ffd56180000 - 0x00007ffd56291000 	C:\windows\System32\ucrtbase.dll
0x00007ffd51170000 - 0x00007ffd5118a000 	C:\Program Files\Java\jdk-17.0.4\bin\VCRUNTIME140.dll
0x00007ffd30040000 - 0x00007ffd30058000 	C:\Program Files\Java\jdk-17.0.4\bin\jli.dll
0x00007ffd57020000 - 0x00007ffd570ce000 	C:\windows\System32\ADVAPI32.dll
0x00007ffd570d0000 - 0x00007ffd57173000 	C:\windows\System32\msvcrt.dll
0x00007ffd581f0000 - 0x00007ffd5828e000 	C:\windows\System32\sechost.dll
0x00007ffd57c50000 - 0x00007ffd57d70000 	C:\windows\System32\RPCRT4.dll
0x00007ffd58ab0000 - 0x00007ffd58c5c000 	C:\windows\System32\USER32.dll
0x00007ffd3bde0000 - 0x00007ffd3c085000 	C:\windows\WinSxS\amd64_microsoft.windows.common-controls_6595b64144ccf1df_6.0.22000.120_none_9d947278b86cc467\COMCTL32.dll
0x00007ffd566e0000 - 0x00007ffd56706000 	C:\windows\System32\win32u.dll
0x00007ffd57e30000 - 0x00007ffd57e59000 	C:\windows\System32\GDI32.dll
0x00007ffd56540000 - 0x00007ffd56652000 	C:\windows\System32\gdi32full.dll
0x00007ffd56710000 - 0x00007ffd567ad000 	C:\windows\System32\msvcp_win.dll
0x00007ffd4cfb0000 - 0x00007ffd4cfba000 	C:\windows\SYSTEM32\VERSION.dll
0x00007ffd56bf0000 - 0x00007ffd56c21000 	C:\windows\System32\IMM32.DLL
0x00007ffd51160000 - 0x00007ffd5116c000 	C:\Program Files\Java\jdk-17.0.4\bin\vcruntime140_1.dll
0x00007ffd44180000 - 0x00007ffd4420d000 	C:\Program Files\Java\jdk-17.0.4\bin\msvcp140.dll
0x00007ffcd29d0000 - 0x00007ffcd3592000 	C:\Program Files\Java\jdk-17.0.4\bin\server\jvm.dll
0x00007ffd581e0000 - 0x00007ffd581e8000 	C:\windows\System32\PSAPI.DLL
0x00007ffd4d860000 - 0x00007ffd4d893000 	C:\windows\SYSTEM32\WINMM.dll
0x00007ffd51ee0000 - 0x00007ffd51ee9000 	C:\windows\SYSTEM32\WSOCK32.dll
0x00007ffd57420000 - 0x00007ffd5748f000 	C:\windows\System32\WS2_32.dll
0x00007ffd55270000 - 0x00007ffd55288000 	C:\windows\SYSTEM32\kernel.appcore.dll
0x00007ffd4abc0000 - 0x00007ffd4abca000 	C:\Program Files\Java\jdk-17.0.4\bin\jimage.dll
0x00007ffd43520000 - 0x00007ffd43741000 	C:\windows\SYSTEM32\DBGHELP.DLL
0x00007ffd3d5e0000 - 0x00007ffd3d611000 	C:\windows\SYSTEM32\dbgcore.DLL
0x00007ffd56660000 - 0x00007ffd566df000 	C:\windows\System32\bcryptPrimitives.dll
0x00007ffd45a20000 - 0x00007ffd45a45000 	C:\Program Files\Java\jdk-17.0.4\bin\java.dll

dbghelp: loaded successfully - version: 4.0.5 - missing functions: none
symbol engine: initialized successfully - sym options: 0x614 - pdb path: .;C:\Program Files\Java\jdk-17.0.4\bin;C:\windows\SYSTEM32;C:\windows\WinSxS\amd64_microsoft.windows.common-controls_6595b64144ccf1df_6.0.22000.120_none_9d947278b86cc467;C:\Program Files\Java\jdk-17.0.4\bin\server

VM Arguments:
jvm_args: -Dfile.encoding=UTF-8 --module-path=C:\Users\mishr\OneDrive\Documents\NetBeansProjects\Quiz Application\build\classes 
java_command: quiz.application.Rules
java_class_path (initial): C:\Users\mishr\OneDrive\Documents\NetBeansProjects\Quiz Application\build\classes
Launcher Type: SUN_STANDARD

[Global flags]
     intx CICompilerCount                          = 4                                         {product} {ergonomic}
     uint ConcGCThreads                            = 2                                         {product} {ergonomic}
     uint G1ConcRefinementThreads                  = 8                                         {product} {ergonomic}
   size_t G1HeapRegionSize                         = 1048576                                   {product} {ergonomic}
    uintx GCDrainStackTargetSize                   = 64                                        {product} {ergonomic}
   size_t InitialHeapSize                          = 123731968                                 {product} {ergonomic}
   size_t MarkStackSize                            = 4194304                                   {product} {ergonomic}
   size_t MaxHeapSize                              = 1969225728                                {product} {ergonomic}
   size_t MinHeapDeltaBytes                        = 1048576                                   {product} {ergonomic}
   size_t MinHeapSize                              = 8388608                                   {product} {ergonomic}
    uintx NonNMethodCodeHeapSize                   = 5839372                                {pd product} {ergonomic}
    uintx NonProfiledCodeHeapSize                  = 122909434                              {pd product} {ergonomic}
    uintx ProfiledCodeHeapSize                     = 122909434                              {pd product} {ergonomic}
    uintx ReservedCodeCacheSize                    = 251658240                              {pd product} {ergonomic}
     bool SegmentedCodeCache                       = true                                      {product} {ergonomic}
   size_t SoftMaxHeapSize                          = 1969225728                             {manageable} {ergonomic}
     bool UseCompressedClassPointers               = true                           {product lp64_product} {ergonomic}
     bool UseCompressedOops                        = true                           {product lp64_product} {ergonomic}
     bool UseG1GC                                  = true                                      {product} {ergonomic}
     bool UseLargePagesIndividualAllocation        = false                                  {pd product} {ergonomic}

Logging:
Log output configuration:
 #0: stdout all=warning uptime,level,tags
 #1: stderr all=off uptime,level,tags

Environment Variables:
PATH=C:\Program Files\Common Files\Oracle\Java\javapath;C:\windows\system32;C:\windows;C:\windows\System32\Wbem;C:\windows\System32\WindowsPowerShell\v1.0\;C:\windows\System32\OpenSSH\;C:\Program Files\nodejs\;C:\Program Files\MongoDB\Server\5.0\bin;C:\Program Files\Java\jdk-17.0.4\bin;C:\Users\mishr\AppData\Local\Microsoft\WindowsApps;;C:\Users\mishr\AppData\Local\Programs\Microsoft VS Code\bin;C:\Users\mishr\AppData\Roaming\npm
USERNAME=mishr
OS=Windows_NT
PROCESSOR_IDENTIFIER=AMD64 Family 23 Model 104 Stepping 1, AuthenticAMD



---------------  S Y S T E M  ---------------

OS:
 Windows 11 , 64 bit Build 22000 (10.0.22000.708)
OS uptime: 2 days 12:26 hours

CPU: total 8 (initial active 8) (8 cores per cpu, 2 threads per core) family 23 model 104 stepping 1 microcode 0x0, cx8, cmov, fxsr, ht, mmx, 3dnowpref, sse, sse2, sse3, ssse3, sse4a, sse4.1, sse4.2, popcnt, lzcnt, tsc, tscinvbit, avx, avx2, aes, clmul, bmi1, bmi2, adx, sha, fma, vzeroupper, clflush, clflushopt

Memory: 4k page, system-wide physical 7505M (1145M free)
TotalPageFile size 30033M (AvailPageFile size 92M)
current process WorkingSet (physical memory assigned to process): 10M, peak: 10M
current process commit charge ("private bytes"): 60M, peak: 178M

vm_info: Java HotSpot(TM) 64-Bit Server VM (17.0.4+11-LTS-179) for windows-amd64 JRE (17.0.4+11-LTS-179), built on Jun 28 2022 08:23:05 by "mach5one" with MS VC++ 16.8 / 16.9 (VS2019)

END.
